#
# There is insufficient memory for the Java Runtime Environment to continue.
# Native memory allocation (malloc) failed to allocate 1048576 bytes. Error detail: AllocateHeap
# Possible reasons:
#   The system is out of physical RAM or swap space
#   This process is running with CompressedOops enabled, and the Java Heap may be blocking the growth of the native heap
# Possible solutions:
#   Reduce memory load on the system
#   Increase physical memory or swap space
#   Check if swap backing store is full
#   Decrease Java heap size (-Xmx/-Xms)
#   Decrease number of Java threads
#   Decrease Java thread stack sizes (-Xss)
#   Set larger code cache with -XX:ReservedCodeCacheSize=
#   JVM is running with Unscaled Compressed Oops mode in which the Java heap is
#     placed in the first 4GB address space. The Java Heap base address is the
#     maximum limit for the native heap growth. Please use -XX:HeapBaseMinAddress
#     to set the Java Heap base and to place the Java Heap above 4GB virtual address.
# This output file may be truncated or incomplete.
#
#  Out of Memory Error (allocation.cpp:44), pid=43068, tid=5640
#
# JRE version:  (21.0.10+7) (build )
# Java VM: OpenJDK 64-Bit Server VM (21.0.10+7-LTS, mixed mode, sharing, tiered, compressed oops, compressed class ptrs, parallel gc, windows-amd64)
# No core dump will be written. Minidumps are not enabled by default on client versions of Windows
#

---------------  S U M M A R Y ------------

Command Line: --add-modules=ALL-SYSTEM --add-opens=java.base/java.util=ALL-UNNAMED --add-opens=java.base/java.lang=ALL-UNNAMED --add-opens=java.base/sun.nio.fs=ALL-UNNAMED -Declipse.application=org.eclipse.jdt.ls.core.id1 -Dosgi.bundles.defaultStartLevel=4 -Declipse.product=org.eclipse.jdt.ls.core.product -Djava.import.generatesMetadataFilesAtProjectRoot=false -DDetectVMInstallationsJob.disabled=true -Dfile.encoding=utf8 -XX:+UseParallelGC -XX:GCTimeRatio=4 -XX:AdaptiveSizePolicyWeight=90 -Dsun.zip.disableMemoryMapping=true -Xmx2G -Xms100m -Xlog:disable -javaagent:c:\Users\jay\.vscode\extensions\redhat.java-1.54.0-win32-x64\lombok\lombok-1.18.39-4050.jar c:\Users\jay\.vscode\extensions\redhat.java-1.54.0-win32-x64\server\plugins\org.eclipse.equinox.launcher_1.7.100.v20251111-0406.jar -configuration c:\Users\jay\AppData\Roaming\Code\User\globalStorage\redhat.java\1.54.0\config_ss_win -data c:\Users\jay\AppData\Roaming\Code\User\workspaceStorage\2490a2bbab674614ab86ef1d9f9947e1\redhat.java\ss_ws --pipe=\\.\pipe\lsp-0f828fa7bd4b60d6eca3cec590f0bd1d-sock

Host: AMD Ryzen AI 7 350 w/ Radeon 860M, 16 cores, 15G,  Windows 11 , 64 bit Build 26100 (10.0.26100.8246)
Time: Wed May  6 01:29:12 2026 SE Asia Standard Time elapsed time: 0.131575 seconds (0d 0h 0m 0s)

---------------  T H R E A D  ---------------

Current thread (0x000001e8d2eae310):  JavaThread "Unknown thread" [_thread_in_vm, id=5640, stack(0x0000009d35300000,0x0000009d35400000) (1024K)]

Stack: [0x0000009d35300000,0x0000009d35400000]
Native frames: (J=compiled Java code, j=interpreted, Vv=VM code, C=native code)
V  [jvm.dll+0x6d7a39]
V  [jvm.dll+0x8b4b26]
V  [jvm.dll+0x8b70de]
V  [jvm.dll+0x8b77c3]
V  [jvm.dll+0x284346]
V  [jvm.dll+0xc1277]
V  [jvm.dll+0x71518d]
V  [jvm.dll+0x71584c]
V  [jvm.dll+0x6e65d8]
V  [jvm.dll+0x87f17c]
V  [jvm.dll+0x3c49fc]
V  [jvm.dll+0x867e6b]
V  [jvm.dll+0x457b31]
V  [jvm.dll+0x459721]
C  [jli.dll+0x52d0]
C  [ucrtbase.dll+0x37b0]
C  [KERNEL32.DLL+0x2e8d7]
C  [ntdll.dll+0x8c3fc]


---------------  P R O C E S S  ---------------

Threads class SMR info:
_java_thread_list=0x000001e8d2ed5320, length=1, elements={
0x000001e8d2eae310
}

Java Threads: ( => current thread )
=>0x000001e8d2eae310 JavaThread "Unknown thread"             [_thread_in_vm, id=5640, stack(0x0000009d35300000,0x0000009d35400000) (1024K)]
Total: 1

Other Threads:
  0x000001e8d2f182f0 WatcherThread "VM Periodic Task Thread"        [id=43680, stack(0x0000009d35500000,0x0000009d35600000) (1024K)]
  0x000001e8d2ecb6f0 WorkerThread "GC Thread#0"                     [id=43964, stack(0x0000009d35400000,0x0000009d35500000) (1024K)]
Total: 2

Threads with active compile tasks:
Total: 0

VM state: not at safepoint (normal execution)

VM Mutex/Monitor currently owned by a thread: None

Heap address: 0x0000000080000000, size: 2048 MB, Compressed Oops mode: 32-bit

CDS archive(s) mapped at: [0x000001e880000000-0x000001e880ba0000-0x000001e880ba0000), size 12189696, SharedBaseAddress: 0x000001e880000000, ArchiveRelocationMode: 1.
Compressed class space mapped at: 0x000001e881000000-0x000001e8c1000000, reserved size: 1073741824
Narrow klass base: 0x000001e880000000, Narrow klass shift: 0, Narrow klass range: 0x100000000

GC Precious Log:
 CardTable entry size: 512
 CPUs: 16 total, 16 available
 Memory: 15658M
 Large Page Support: Disabled
 NUMA Support: Disabled
 Compressed Oops: Enabled (32-bit)
 Alignments: Space 512K, Generation 512K, Heap 2M
 Heap Min Capacity: 100M
 Heap Initial Capacity: 100M
 Heap Max Capacity: 2G
 Pre-touch: Disabled
 Parallel Workers: 13

Heap:
 PSYoungGen      total 29696K, used 512K [0x00000000d5580000, 0x00000000d7680000, 0x0000000100000000)
  eden space 25600K, 2% used [0x00000000d5580000,0x00000000d5600020,0x00000000d6e80000)
  from space 4096K, 0% used [0x00000000d7280000,0x00000000d7280000,0x00000000d7680000)
  to   space 4096K, 0% used [0x00000000d6e80000,0x00000000d6e80000,0x00000000d7280000)
 ParOldGen       total 68608K, used 0K [0x0000000080000000, 0x0000000084300000, 0x00000000d5580000)
  object space 68608K, 0% used [0x0000000080000000,0x0000000080000000,0x0000000084300000)
 Metaspace       used 0K, committed 0K, reserved 1048576K
  class space    used 0K, committed 0K, reserved 1048576K

Card table byte_map: [0x000001e8d2850000,0x000001e8d2c60000] _byte_map_base: 0x000001e8d2450000

Marking Bits: (ParMarkBitMap*) 0x00007fff42863450
 Begin Bits: [0x000001e8e5360000, 0x000001e8e7360000)
 End Bits:   [0x000001e8e7360000, 0x000001e8e9360000)

Polling page: 0x000001e8d0cc0000

Metaspace:

Usage:
  Non-class:      0 bytes used.
      Class:      0 bytes used.
       Both:      0 bytes used.

Virtual space:
  Non-class space:        0 bytes reserved,       0 bytes (  ?%) committed,  0 nodes.
      Class space:        1.00 GB reserved,       0 bytes (  0%) committed,  1 nodes.
             Both:        1.00 GB reserved,       0 bytes (  0%) committed. 

Chunk freelists:
   Non-Class:  0 bytes
       Class:  16.00 MB
        Both:  16.00 MB

MaxMetaspaceSize: unlimited
CompressedClassSpaceSize: 1.00 GB
Initial GC threshold: 21.00 MB
Current GC threshold: 17179869184.00 GB
CDS: on
 - commit_granule_bytes: 65536.
 - commit_granule_words: 8192.
 - virtual_space_node_default_size: 8388608.
 - enlarge_chunks_in_place: 1.
 - use_allocation_guard: 0.


Internal statistics:

num_allocs_failed_limit: 0.
num_arena_births: 0.
num_arena_deaths: 0.
num_vsnodes_births: 1.
num_vsnodes_deaths: 0.
num_space_committed: 0.
num_space_uncommitted: 0.
num_chunks_returned_to_freelist: 0.
num_chunks_taken_from_freelist: 1.
num_chunk_merges: 0.
num_chunk_splits: 1.
num_chunks_enlarged: 0.
num_inconsistent_stats: 0.

CodeHeap 'non-profiled nmethods': size=119168Kb used=0Kb max_used=0Kb free=119168Kb
 bounds [0x000001e8ddc50000, 0x000001e8ddec0000, 0x000001e8e50b0000]
CodeHeap 'profiled nmethods': size=119104Kb used=0Kb max_used=0Kb free=119104Kb
 bounds [0x000001e8d60b0000, 0x000001e8d6320000, 0x000001e8dd500000]
CodeHeap 'non-nmethods': size=7488Kb used=199Kb max_used=348Kb free=7288Kb
 bounds [0x000001e8dd500000, 0x000001e8dd770000, 0x000001e8ddc50000]
CodeCache: size=245760Kb, used=199Kb, max_used=348Kb, free=245560Kb
 total_blobs=70, nmethods=0, adapters=48, full_count=0
Compilation: enabled, stopped_count=0, restarted_count=0

Compilation events (0 events):
No events

GC Heap History (0 events):
No events

Dll operation events (1 events):
Event: 0.094 Loaded shared library c:\Users\jay\.vscode\extensions\redhat.java-1.54.0-win32-x64\jre\21.0.10-win32-x86_64\bin\java.dll

Deoptimization events (0 events):
No events

Classes loaded (0 events):
No events

Classes unloaded (0 events):
No events

Classes redefined (0 events):
No events

Internal exceptions (0 events):
No events

ZGC Phase Switch (0 events):
No events

VM Operations (0 events):
No events

Memory protections (0 events):
No events

Nmethod flushes (0 events):
No events

Events (1 events):
Event: 0.117 Thread 0x000001e8d2eae310 Thread added: 0x000001e8d2eae310


Dynamic libraries:
0x00007ff655f00000 - 0x00007ff655f0e000 	c:\Users\jay\.vscode\extensions\redhat.java-1.54.0-win32-x64\jre\21.0.10-win32-x86_64\bin\java.exe
0x00007ff8b84c0000 - 0x00007ff8b8727000 	C:\Windows\SYSTEM32\ntdll.dll
0x00007ff8b7750000 - 0x00007ff8b7819000 	C:\Windows\System32\KERNEL32.DLL
0x00007ff8b4fb0000 - 0x00007ff8b53a4000 	C:\Windows\System32\KERNELBASE.dll
0x00007ff8b57e0000 - 0x00007ff8b592b000 	C:\Windows\System32\ucrtbase.dll
0x00007ff88d650000 - 0x00007ff88d668000 	c:\Users\jay\.vscode\extensions\redhat.java-1.54.0-win32-x64\jre\21.0.10-win32-x86_64\bin\jli.dll
0x00007ff88ce10000 - 0x00007ff88ce2e000 	c:\Users\jay\.vscode\extensions\redhat.java-1.54.0-win32-x64\jre\21.0.10-win32-x86_64\bin\VCRUNTIME140.dll
0x00007ff8b6340000 - 0x00007ff8b6505000 	C:\Windows\System32\USER32.dll
0x00007ff8b57b0000 - 0x00007ff8b57d7000 	C:\Windows\System32\win32u.dll
0x00007ff8a2310000 - 0x00007ff8a25a3000 	C:\Windows\WinSxS\amd64_microsoft.windows.common-controls_6595b64144ccf1df_6.0.26100.8115_none_3e075c82e3354f9c\COMCTL32.dll
0x00007ff8b6250000 - 0x00007ff8b627b000 	C:\Windows\System32\GDI32.dll
0x00007ff8b67e0000 - 0x00007ff8b6889000 	C:\Windows\System32\msvcrt.dll
0x00007ff8b5680000 - 0x00007ff8b57ab000 	C:\Windows\System32\gdi32full.dll
0x00007ff8b4f00000 - 0x00007ff8b4fa3000 	C:\Windows\System32\msvcp_win.dll
0x00007ff8b7a60000 - 0x00007ff8b7a92000 	C:\Windows\System32\IMM32.DLL
0x00007ff88cde0000 - 0x00007ff88cdec000 	c:\Users\jay\.vscode\extensions\redhat.java-1.54.0-win32-x64\jre\21.0.10-win32-x86_64\bin\vcruntime140_1.dll
0x00007ff882010000 - 0x00007ff88209d000 	c:\Users\jay\.vscode\extensions\redhat.java-1.54.0-win32-x64\jre\21.0.10-win32-x86_64\bin\msvcp140.dll
0x00007fff41ba0000 - 0x00007fff42941000 	c:\Users\jay\.vscode\extensions\redhat.java-1.54.0-win32-x64\jre\21.0.10-win32-x86_64\bin\server\jvm.dll
0x00007ff8b6280000 - 0x00007ff8b6336000 	C:\Windows\System32\ADVAPI32.dll
0x00007ff8b78c0000 - 0x00007ff8b7967000 	C:\Windows\System32\sechost.dll
0x00007ff8b7e40000 - 0x00007ff8b7f58000 	C:\Windows\System32\RPCRT4.dll
0x00007ff8b79d0000 - 0x00007ff8b7a50000 	C:\Windows\System32\WS2_32.dll
0x00007ff8a9d00000 - 0x00007ff8a9d36000 	C:\Windows\SYSTEM32\WINMM.dll
0x00007ff8b4bf0000 - 0x00007ff8b4c4e000 	C:\Windows\SYSTEM32\POWRPROF.dll
0x00007ff8a78d0000 - 0x00007ff8a78db000 	C:\Windows\SYSTEM32\VERSION.dll
0x00007ff8b4bd0000 - 0x00007ff8b4be4000 	C:\Windows\SYSTEM32\UMPDC.dll
0x00007ff8b3b20000 - 0x00007ff8b3b3b000 	C:\Windows\SYSTEM32\kernel.appcore.dll
0x00007ff88cdd0000 - 0x00007ff88cdda000 	c:\Users\jay\.vscode\extensions\redhat.java-1.54.0-win32-x64\jre\21.0.10-win32-x86_64\bin\jimage.dll
0x00007ff8b2d40000 - 0x00007ff8b2f82000 	C:\Windows\SYSTEM32\DBGHELP.DLL
0x00007ff8b7fe0000 - 0x00007ff8b8362000 	C:\Windows\System32\combase.dll
0x00007ff8b6520000 - 0x00007ff8b65f8000 	C:\Windows\System32\OLEAUT32.dll
0x00007ff88a400000 - 0x00007ff88a43b000 	C:\Windows\SYSTEM32\dbgcore.DLL
0x00007ff8b61a0000 - 0x00007ff8b6245000 	C:\Windows\System32\bcryptPrimitives.dll
0x00007ff88b7c0000 - 0x00007ff88b7cf000 	c:\Users\jay\.vscode\extensions\redhat.java-1.54.0-win32-x64\jre\21.0.10-win32-x86_64\bin\instrument.dll
0x00007ff88cc10000 - 0x00007ff88cc30000 	c:\Users\jay\.vscode\extensions\redhat.java-1.54.0-win32-x64\jre\21.0.10-win32-x86_64\bin\java.dll

JVMTI agents:
c:\Users\jay\.vscode\extensions\redhat.java-1.54.0-win32-x64\lombok\lombok-1.18.39-4050.jar path:none, loaded, not initialized, instrumentlib options:none

dbghelp: loaded successfully - version: 4.0.5 - missing functions: none
symbol engine: initialized successfully - sym options: 0x614 - pdb path: .;c:\Users\jay\.vscode\extensions\redhat.java-1.54.0-win32-x64\jre\21.0.10-win32-x86_64\bin;C:\Windows\SYSTEM32;C:\Windows\WinSxS\amd64_microsoft.windows.common-controls_6595b64144ccf1df_6.0.26100.8115_none_3e075c82e3354f9c;c:\Users\jay\.vscode\extensions\redhat.java-1.54.0-win32-x64\jre\21.0.10-win32-x86_64\bin\server

VM Arguments:
jvm_args: --add-modules=ALL-SYSTEM --add-opens=java.base/java.util=ALL-UNNAMED --add-opens=java.base/java.lang=ALL-UNNAMED --add-opens=java.base/sun.nio.fs=ALL-UNNAMED -Declipse.application=org.eclipse.jdt.ls.core.id1 -Dosgi.bundles.defaultStartLevel=4 -Declipse.product=org.eclipse.jdt.ls.core.product -Djava.import.generatesMetadataFilesAtProjectRoot=false -DDetectVMInstallationsJob.disabled=true -Dfile.encoding=utf8 -XX:+UseParallelGC -XX:GCTimeRatio=4 -XX:AdaptiveSizePolicyWeight=90 -Dsun.zip.disableMemoryMapping=true -Xmx2G -Xms100m -Xlog:disable -javaagent:c:\Users\jay\.vscode\extensions\redhat.java-1.54.0-win32-x64\lombok\lombok-1.18.39-4050.jar 
java_command: c:\Users\jay\.vscode\extensions\redhat.java-1.54.0-win32-x64\server\plugins\org.eclipse.equinox.launcher_1.7.100.v20251111-0406.jar -configuration c:\Users\jay\AppData\Roaming\Code\User\globalStorage\redhat.java\1.54.0\config_ss_win -data c:\Users\jay\AppData\Roaming\Code\User\workspaceStorage\2490a2bbab674614ab86ef1d9f9947e1\redhat.java\ss_ws --pipe=\\.\pipe\lsp-0f828fa7bd4b60d6eca3cec590f0bd1d-sock
java_class_path (initial): c:\Users\jay\.vscode\extensions\redhat.java-1.54.0-win32-x64\server\plugins\org.eclipse.equinox.launcher_1.7.100.v20251111-0406.jar
Launcher Type: SUN_STANDARD

[Global flags]
    uintx AdaptiveSizePolicyWeight                 = 90                                        {product} {command line}
     intx CICompilerCount                          = 12                                        {product} {ergonomic}
    uintx GCTimeRatio                              = 4                                         {product} {command line}
   size_t InitialHeapSize                          = 104857600                                 {product} {command line}
   size_t MaxHeapSize                              = 2147483648                                {product} {command line}
   size_t MaxNewSize                               = 715653120                                 {product} {ergonomic}
   size_t MinHeapDeltaBytes                        = 524288                                    {product} {ergonomic}
   size_t MinHeapSize                              = 104857600                                 {product} {command line}
   size_t NewSize                                  = 34603008                                  {product} {ergonomic}
    uintx NonNMethodCodeHeapSize                   = 7602480                                {pd product} {ergonomic}
    uintx NonProfiledCodeHeapSize                  = 122027880                              {pd product} {ergonomic}
   size_t OldSize                                  = 70254592                                  {product} {ergonomic}
    uintx ProfiledCodeHeapSize                     = 122027880                              {pd product} {ergonomic}
    uintx ReservedCodeCacheSize                    = 251658240                              {pd product} {ergonomic}
     bool SegmentedCodeCache                       = true                                      {product} {ergonomic}
   size_t SoftMaxHeapSize                          = 2147483648                             {manageable} {ergonomic}
     bool UseCompressedOops                        = true                           {product lp64_product} {ergonomic}
     bool UseLargePagesIndividualAllocation        = false                                  {pd product} {ergonomic}
     bool UseParallelGC                            = true                                      {product} {command line}

Logging:
Log output configuration:
 #0: stdout all=off uptime,level,tags foldmultilines=false
 #1: stderr all=off uptime,level,tags foldmultilines=false

Release file:
<release file has not been read>
Environment Variables:
PATH=C:\Ruby32-x64\bin;C:\Program Files\Common Files\Oracle\Java\javapath;C:\Program Files (x86)\Common Files\Oracle\Java\javapath;C:\Windows\system32;C:\Windows;C:\Windows\System32\Wbem;C:\Windows\System32\WindowsPowerShell\v1.0\;C:\Windows\System32\OpenSSH\;C:\Program Files\Git\cmd;C:\Program Files\Docker\Docker\resources\bin;C:\Program Files\dotnet\;C:\Program Files (x86)\Windows Kits\10\Windows Performance Toolkit\;C:\MinGW\bin;C:\Program Files\Cloudflare\Cloudflare WARP\;C:\Program Files\nodejs\;C:\Program Files\PostgreSQL\18\bin;C:\Users\jay\Downloads\apache-jmeter-5.6.3\apache-jmeter-5.6.3\bin;C:\aircrack-ng-1.7-win\bin;C:\Users\jay\AppData\Local\Microsoft\WindowsApps;C:\Users\jay\AppData\Local\Programs\Python\Python311\;C:\Users\jay\AppData\Local\Programs\Python\Python311\Scripts\;C:\Users\jay\AppData\Local\Programs\Microsoft VS Code\bin;C:\Users\jay\dev\flutter\bin;C:\Users\jay\AppData\Local\Programs\Antigravity\bin;C:\Ruby32-x64\bin;C:\Program Files\JetBrains\IntelliJ IDEA 2025.3.2\bin;C:\Users\jay\AppData\Local\JetBrains\Toolbox\scripts;C:\Users\jay\AppData\Roaming\npm;C:\Users\jay\AppData\Local\PowerToys\DSCModules\
USERNAME=Jaysen
OS=Windows_NT
PROCESSOR_IDENTIFIER=AMD64 Family 26 Model 96 Stepping 0, AuthenticAMD
TMP=C:\Users\jay\AppData\Local\Temp
TEMP=C:\Users\jay\AppData\Local\Temp




Periodic native trim disabled

---------------  S Y S T E M  ---------------

OS:
 Windows 11 , 64 bit Build 26100 (10.0.26100.8246)
OS uptime: 2 days 2:30 hours
Hyper-V role detected

CPU: total 16 (initial active 16) (16 cores per cpu, 2 threads per core) family 26 model 96 stepping 0 microcode 0xb600032, cx8, cmov, fxsr, ht, mmx, 3dnowpref, sse, sse2, sse3, ssse3, sse4a, sse4.1, sse4.2, popcnt, lzcnt, tsc, tscinvbit, avx, avx2, aes, erms, clmul, bmi1, bmi2, adx, avx512f, avx512dq, avx512cd, avx512bw, avx512vl, sha, fma, vzeroupper, avx512_vpopcntdq, avx512_vpclmulqdq, avx512_vaes, avx512_vnni, clflush, clflushopt, avx512_vbmi2, avx512_vbmi, hv, rdtscp, rdpid, fsrm, gfni, avx512_bitalg, f16c, cet_ss, avx512_ifma
Processor Information for the first 16 processors :
  Max Mhz: 2000, Current Mhz: 2000, Mhz Limit: 2000

Memory: 4k page, system-wide physical 15658M (636M free)
TotalPageFile size 41350M (AvailPageFile size 9M)
current process WorkingSet (physical memory assigned to process): 26M, peak: 26M
current process commit charge ("private bytes"): 230M, peak: 231M

vm_info: OpenJDK 64-Bit Server VM (21.0.10+7-LTS) for windows-amd64 JRE (21.0.10+7-LTS), built on 2026-01-20T00:00:00Z by "admin" with MS VC++ 17.12 (VS2022)

END.
